{"total": {"lines":{"total":123,"covered":119,"skipped":0,"pct":96.74},"statements":{"total":127,"covered":122,"skipped":0,"pct":96.06},"functions":{"total":28,"covered":25,"skipped":0,"pct":89.28},"branches":{"total":87,"covered":77,"skipped":0,"pct":88.5},"branchesTrue":{"total":0,"covered":0,"skipped":0,"pct":"Unknown"}}
,"/home/runner/work/react-textarea-code-editor/react-textarea-code-editor/core/src/Editor.tsx": {"lines":{"total":19,"covered":19,"skipped":0,"pct":100},"functions":{"total":7,"covered":7,"skipped":0,"pct":100},"statements":{"total":22,"covered":21,"skipped":0,"pct":95.45},"branches":{"total":30,"covered":28,"skipped":0,"pct":93.33}}
,"/home/runner/work/react-textarea-code-editor/react-textarea-code-editor/core/src/SelectionText.ts": {"lines":{"total":49,"covered":49,"skipped":0,"pct":100},"functions":{"total":12,"covered":12,"skipped":0,"pct":100},"statements":{"total":50,"covered":50,"skipped":0,"pct":100},"branches":{"total":24,"covered":20,"skipped":0,"pct":83.33}}
,"/home/runner/work/react-textarea-code-editor/react-textarea-code-editor/core/src/index.nohighlight.tsx": {"lines":{"total":1,"covered":0,"skipped":0,"pct":0},"functions":{"total":1,"covered":0,"skipped":0,"pct":0},"statements":{"total":1,"covered":0,"skipped":0,"pct":0},"branches":{"total":0,"covered":0,"skipped":0,"pct":100}}
,"/home/runner/work/react-textarea-code-editor/react-textarea-code-editor/core/src/index.tsx": {"lines":{"total":2,"covered":2,"skipped":0,"pct":100},"functions":{"total":1,"covered":1,"skipped":0,"pct":100},"statements":{"total":2,"covered":2,"skipped":0,"pct":100},"branches":{"total":1,"covered":1,"skipped":0,"pct":100}}
,"/home/runner/work/react-textarea-code-editor/react-textarea-code-editor/core/src/shortcuts.ts": {"lines":{"total":41,"covered":40,"skipped":0,"pct":97.56},"functions":{"total":1,"covered":1,"skipped":0,"pct":100},"statements":{"total":41,"covered":40,"skipped":0,"pct":97.56},"branches":{"total":31,"covered":28,"skipped":0,"pct":90.32}}
,"/home/runner/work/react-textarea-code-editor/react-textarea-code-editor/core/src/styles.ts": {"lines":{"total":3,"covered":3,"skipped":0,"pct":100},"functions":{"total":0,"covered":0,"skipped":0,"pct":100},"statements":{"total":3,"covered":3,"skipped":0,"pct":100},"branches":{"total":0,"covered":0,"skipped":0,"pct":100}}
,"/home/runner/work/react-textarea-code-editor/react-textarea-code-editor/core/src/utils.ts": {"lines":{"total":8,"covered":6,"skipped":0,"pct":75},"functions":{"total":6,"covered":4,"skipped":0,"pct":66.66},"statements":{"total":8,"covered":6,"skipped":0,"pct":75},"branches":{"total":1,"covered":0,"skipped":0,"pct":0}}
}
