{"total": {"lines":{"total":113,"covered":111,"skipped":0,"pct":98.23},"statements":{"total":115,"covered":113,"skipped":0,"pct":98.26},"functions":{"total":26,"covered":24,"skipped":0,"pct":92.3},"branches":{"total":83,"covered":77,"skipped":0,"pct":92.77},"branchesTrue":{"total":0,"covered":0,"skipped":0,"pct":"Unknown"}}
,"/home/runner/work/react-textarea-code-editor/react-textarea-code-editor/src/SelectionText.ts": {"lines":{"total":49,"covered":49,"skipped":0,"pct":100},"functions":{"total":12,"covered":12,"skipped":0,"pct":100},"statements":{"total":50,"covered":50,"skipped":0,"pct":100},"branches":{"total":24,"covered":20,"skipped":0,"pct":83.33}}
,"/home/runner/work/react-textarea-code-editor/react-textarea-code-editor/src/index.tsx": {"lines":{"total":16,"covered":16,"skipped":0,"pct":100},"functions":{"total":7,"covered":7,"skipped":0,"pct":100},"statements":{"total":17,"covered":17,"skipped":0,"pct":100},"branches":{"total":28,"covered":26,"skipped":0,"pct":92.85}}
,"/home/runner/work/react-textarea-code-editor/react-textarea-code-editor/src/shortcuts.ts": {"lines":{"total":37,"covered":37,"skipped":0,"pct":100},"functions":{"total":1,"covered":1,"skipped":0,"pct":100},"statements":{"total":37,"covered":37,"skipped":0,"pct":100},"branches":{"total":30,"covered":30,"skipped":0,"pct":100}}
,"/home/runner/work/react-textarea-code-editor/react-textarea-code-editor/src/styles.ts": {"lines":{"total":3,"covered":3,"skipped":0,"pct":100},"functions":{"total":0,"covered":0,"skipped":0,"pct":100},"statements":{"total":3,"covered":3,"skipped":0,"pct":100},"branches":{"total":0,"covered":0,"skipped":0,"pct":100}}
,"/home/runner/work/react-textarea-code-editor/react-textarea-code-editor/src/utils.ts": {"lines":{"total":8,"covered":6,"skipped":0,"pct":75},"functions":{"total":6,"covered":4,"skipped":0,"pct":66.66},"statements":{"total":8,"covered":6,"skipped":0,"pct":75},"branches":{"total":1,"covered":1,"skipped":0,"pct":100}}
}
