TN:
SF:src/SelectionText.ts
FN:6,(anonymous_0)
FN:13,(anonymous_1)
FN:21,(anonymous_2)
FN:29,(anonymous_3)
FN:36,(anonymous_4)
FN:48,(anonymous_5)
FN:52,(anonymous_6)
FN:55,(anonymous_7)
FN:64,(anonymous_8)
FN:71,(anonymous_9)
FN:85,(anonymous_10)
FN:92,(anonymous_11)
FNF:12
FNH:12
FNDA:21,(anonymous_0)
FNDA:26,(anonymous_1)
FNDA:15,(anonymous_2)
FNDA:25,(anonymous_3)
FNDA:5,(anonymous_4)
FNDA:2,(anonymous_5)
FNDA:1,(anonymous_6)
FNDA:1,(anonymous_7)
FNDA:2,(anonymous_8)
FNDA:2,(anonymous_9)
FNDA:5,(anonymous_10)
FNDA:15,(anonymous_11)
DA:7,21
DA:8,21
DA:9,21
DA:10,21
DA:11,21
DA:14,26
DA:15,26
DA:16,26
DA:17,26
DA:18,26
DA:19,26
DA:23,15
DA:24,15
DA:25,15
DA:26,15
DA:27,15
DA:30,25
DA:31,25
DA:37,5
DA:38,5
DA:39,23
DA:40,23
DA:41,3
DA:42,3
DA:45,5
DA:49,2
DA:50,2
DA:51,2
DA:52,2
DA:53,2
DA:56,1
DA:57,1
DA:58,1
DA:59,1
DA:60,1
DA:64,2
DA:69,1
DA:72,2
DA:73,2
DA:74,2
DA:75,2
DA:76,2
DA:77,2
DA:78,2
DA:79,1
DA:81,2
DA:85,5
DA:93,15
DA:94,15
LF:49
LH:49
BRDA:15,0,0,11
BRDA:15,0,1,15
BRDA:15,1,0,26
BRDA:15,1,1,11
BRDA:16,2,0,11
BRDA:16,2,1,15
BRDA:16,3,0,26
BRDA:16,3,1,11
BRDA:32,4,0,5
BRDA:32,4,1,20
BRDA:32,5,0,25
BRDA:32,5,1,5
BRDA:33,6,0,0
BRDA:33,6,1,25
BRDA:33,7,0,25
BRDA:33,7,1,0
BRDA:40,8,0,3
BRDA:40,8,1,20
BRDA:56,9,0,1
BRDA:56,9,1,0
BRDA:72,10,0,2
BRDA:72,10,1,0
BRDA:78,11,0,1
BRDA:78,11,1,1
BRF:24
BRH:20
end_of_record
TN:
SF:src/index.tsx
FN:26,(anonymous_0)
FN:41,(anonymous_1)
FN:43,(anonymous_2)
FN:53,(anonymous_3)
FN:62,(anonymous_4)
FN:84,(anonymous_5)
FN:97,(anonymous_6)
FNF:7
FNH:7
FNDA:44,(anonymous_0)
FNDA:20,(anonymous_1)
FNDA:1,(anonymous_2)
FNDA:44,(anonymous_3)
FNDA:44,(anonymous_4)
FNDA:21,(anonymous_5)
FNDA:23,(anonymous_6)
DA:38,44
DA:40,44
DA:41,44
DA:42,44
DA:43,44
DA:45,44
DA:52,44
DA:54,44
DA:61,44
DA:63,44
DA:75,44
DA:85,21
DA:86,21
DA:98,23
DA:99,23
LF:15
LH:15
BRDA:28,0,0,44
BRDA:30,1,0,44
BRDA:31,2,0,44
BRDA:40,3,0,44
BRDA:40,3,1,6
BRDA:41,4,0,20
BRDA:41,4,1,2
BRDA:55,5,0,43
BRDA:55,5,1,1
BRDA:56,6,0,44
BRDA:56,6,1,2
BRDA:65,7,0,43
BRDA:65,7,1,1
BRDA:76,8,0,44
BRDA:76,8,1,44
BRDA:85,9,0,21
BRDA:85,9,1,0
BRDA:85,10,0,21
BRDA:85,10,1,8
BRDA:94,11,0,2
BRDA:94,11,1,42
BRDA:94,12,0,44
BRDA:94,12,1,6
BRDA:99,13,0,23
BRDA:99,13,1,1
BRF:25
BRH:24
end_of_record
TN:
SF:src/shortcuts.ts
FN:5,shortcuts
FNF:1
FNH:1
FNDA:21,shortcuts
DA:6,21
DA:7,21
DA:8,6
DA:9,6
DA:10,2
DA:11,4
DA:12,2
DA:13,2
DA:14,1
DA:16,1
DA:18,6
DA:19,15
DA:20,2
DA:21,2
DA:22,2
DA:23,2
DA:24,13
DA:29,7
DA:30,7
DA:31,7
DA:32,7
DA:34,2
DA:35,2
DA:36,1
DA:38,2
DA:40,1
DA:41,1
DA:43,2
DA:44,2
DA:45,1
DA:47,2
DA:49,1
DA:50,1
DA:52,1
DA:53,1
DA:55,7
DA:56,7
LF:37
LH:37
BRDA:7,0,0,6
BRDA:7,0,1,15
BRDA:7,1,0,21
BRDA:7,1,1,21
BRDA:9,2,0,2
BRDA:9,2,1,4
BRDA:11,3,0,2
BRDA:11,3,1,2
BRDA:11,4,0,4
BRDA:11,4,1,3
BRDA:13,5,0,1
BRDA:13,5,1,1
BRDA:19,6,0,2
BRDA:19,6,1,13
BRDA:19,7,0,15
BRDA:19,7,1,15
BRDA:24,8,0,7
BRDA:24,8,1,6
BRDA:25,9,0,13
BRDA:25,9,1,13
BRDA:25,9,2,7
BRDA:32,10,0,2
BRDA:32,10,1,1
BRDA:32,10,2,2
BRDA:32,10,3,1
BRDA:32,10,4,1
BRDA:35,11,0,1
BRDA:35,11,1,1
BRDA:44,12,0,1
BRDA:44,12,1,1
BRF:30
BRH:30
end_of_record
TN:
SF:src/styles.ts
FNF:0
FNH:0
DA:3,1
DA:11,1
DA:26,1
LF:3
LH:3
BRF:0
BRH:0
end_of_record
TN:
SF:src/utils.ts
FN:5,(anonymous_0)
FN:20,htmlEncode
FN:23,(anonymous_2)
FN:27,stopPropagation
FNF:4
FNH:4
FNDA:44,(anonymous_0)
FNDA:44,htmlEncode
FNDA:8,(anonymous_2)
FNDA:15,stopPropagation
DA:5,1
DA:6,44
DA:21,44
DA:23,8
DA:28,15
DA:29,15
LF:6
LH:6
BRF:0
BRH:0
end_of_record
