TN:
SF:src/SelectionText.ts
FN:6,(anonymous_0)
FN:13,(anonymous_1)
FN:21,(anonymous_2)
FN:29,(anonymous_3)
FN:36,(anonymous_4)
FN:48,(anonymous_5)
FN:52,(anonymous_6)
FN:55,(anonymous_7)
FN:64,(anonymous_8)
FN:71,(anonymous_9)
FN:85,(anonymous_10)
FN:92,(anonymous_11)
FNF:12
FNH:12
FNDA:18,(anonymous_0)
FNDA:22,(anonymous_1)
FNDA:13,(anonymous_2)
FNDA:24,(anonymous_3)
FNDA:4,(anonymous_4)
FNDA:1,(anonymous_5)
FNDA:1,(anonymous_6)
FNDA:1,(anonymous_7)
FNDA:2,(anonymous_8)
FNDA:2,(anonymous_9)
FNDA:5,(anonymous_10)
FNDA:13,(anonymous_11)
DA:7,18
DA:8,18
DA:9,18
DA:10,18
DA:11,18
DA:14,22
DA:15,22
DA:16,22
DA:17,22
DA:18,22
DA:19,22
DA:23,13
DA:24,13
DA:25,13
DA:26,13
DA:27,13
DA:30,24
DA:31,24
DA:37,4
DA:38,4
DA:39,20
DA:40,20
DA:41,3
DA:42,3
DA:45,4
DA:49,1
DA:50,1
DA:51,1
DA:52,1
DA:53,1
DA:56,1
DA:57,1
DA:58,1
DA:59,1
DA:60,1
DA:64,2
DA:69,1
DA:72,2
DA:73,2
DA:74,2
DA:75,2
DA:76,2
DA:77,2
DA:78,2
DA:79,1
DA:81,2
DA:85,5
DA:93,13
DA:94,13
LF:49
LH:49
BRDA:15,0,0,9
BRDA:15,0,1,13
BRDA:15,1,0,22
BRDA:15,1,1,9
BRDA:16,2,0,9
BRDA:16,2,1,13
BRDA:16,3,0,22
BRDA:16,3,1,9
BRDA:32,4,0,4
BRDA:32,4,1,20
BRDA:32,5,0,24
BRDA:32,5,1,4
BRDA:33,6,0,0
BRDA:33,6,1,24
BRDA:33,7,0,24
BRDA:33,7,1,0
BRDA:40,8,0,3
BRDA:40,8,1,17
BRDA:56,9,0,1
BRDA:56,9,1,0
BRDA:72,10,0,2
BRDA:72,10,1,0
BRDA:78,11,0,1
BRDA:78,11,1,1
BRF:24
BRH:20
end_of_record
TN:
SF:src/index.tsx
FN:25,(anonymous_0)
FN:40,(anonymous_1)
FN:42,(anonymous_2)
FN:52,(anonymous_3)
FN:61,(anonymous_4)
FN:83,(anonymous_5)
FN:95,(anonymous_6)
FNF:7
FNH:7
FNDA:35,(anonymous_0)
FNDA:15,(anonymous_1)
FNDA:2,(anonymous_2)
FNDA:35,(anonymous_3)
FNDA:35,(anonymous_4)
FNDA:18,(anonymous_5)
FNDA:19,(anonymous_6)
DA:37,35
DA:39,35
DA:40,35
DA:41,35
DA:42,35
DA:44,35
DA:51,35
DA:53,35
DA:60,35
DA:62,35
DA:74,35
DA:84,18
DA:85,18
DA:96,19
DA:97,19
LF:15
LH:15
BRDA:27,0,0,35
BRDA:29,1,0,35
BRDA:30,2,0,35
BRDA:39,3,0,35
BRDA:39,3,1,1
BRDA:40,4,0,15
BRDA:40,4,1,1
BRDA:54,5,0,34
BRDA:54,5,1,1
BRDA:55,6,0,35
BRDA:55,6,1,1
BRDA:64,7,0,34
BRDA:64,7,1,1
BRDA:75,8,0,35
BRDA:75,8,1,35
BRDA:85,9,0,18
BRDA:85,9,1,12
BRDA:92,10,0,1
BRDA:92,10,1,34
BRDA:92,11,0,35
BRDA:92,11,1,1
BRDA:97,12,0,19
BRDA:97,12,1,1
BRF:23
BRH:23
end_of_record
TN:
SF:src/shortcuts.ts
FN:4,shortcuts
FNF:1
FNH:1
FNDA:18,shortcuts
DA:5,18
DA:6,18
DA:7,5
DA:8,5
DA:9,1
DA:10,4
DA:11,2
DA:12,2
DA:13,1
DA:15,1
DA:17,5
DA:18,13
DA:19,1
DA:20,1
DA:21,1
DA:22,1
DA:23,12
DA:28,7
DA:29,7
DA:30,7
DA:31,7
DA:33,2
DA:34,2
DA:35,1
DA:37,2
DA:39,1
DA:40,1
DA:42,2
DA:43,2
DA:44,1
DA:46,2
DA:48,1
DA:49,1
DA:51,1
DA:52,1
DA:54,7
DA:55,7
LF:37
LH:37
BRDA:6,0,0,5
BRDA:6,0,1,13
BRDA:6,1,0,18
BRDA:6,1,1,13
BRDA:8,2,0,1
BRDA:8,2,1,4
BRDA:10,3,0,2
BRDA:10,3,1,2
BRDA:10,4,0,4
BRDA:10,4,1,3
BRDA:12,5,0,1
BRDA:12,5,1,1
BRDA:18,6,0,1
BRDA:18,6,1,12
BRDA:18,7,0,13
BRDA:18,7,1,8
BRDA:23,8,0,7
BRDA:23,8,1,5
BRDA:24,9,0,12
BRDA:24,9,1,7
BRDA:24,9,2,7
BRDA:31,10,0,2
BRDA:31,10,1,1
BRDA:31,10,2,2
BRDA:31,10,3,1
BRDA:31,10,4,1
BRDA:34,11,0,1
BRDA:34,11,1,1
BRDA:43,12,0,1
BRDA:43,12,1,1
BRF:30
BRH:30
end_of_record
TN:
SF:src/styles.ts
FNF:0
FNH:0
DA:3,1
DA:11,1
DA:26,1
LF:3
LH:3
BRF:0
BRH:0
end_of_record
TN:
SF:src/utils.ts
FN:5,(anonymous_0)
FN:20,htmlEncode
FN:23,(anonymous_2)
FN:27,stopPropagation
FNF:4
FNH:4
FNDA:35,(anonymous_0)
FNDA:35,htmlEncode
FNDA:8,(anonymous_2)
FNDA:13,stopPropagation
DA:5,1
DA:6,35
DA:21,35
DA:23,8
DA:28,13
DA:29,13
LF:6
LH:6
BRF:0
BRH:0
end_of_record
